2021-05-27 16:16:44.161  INFO 8008 --- [main] com.example.Application                  : Starting Application on LanceEdward‘Legion with PID 8008 (C:\Users\lenovo\Desktop\deliciousFoods-main\target\classes started by lenovo in C:\Users\lenovo\Desktop\deliciousFoods-main)
2021-05-27 16:16:44.231  INFO 8008 --- [main] com.example.Application                  : No active profile set, falling back to default profiles: default
2021-05-27 16:16:45.071  WARN 8008 --- [main] o.m.s.mapper.ClassPathMapperScanner      : No MyBatis mapper was found in '[com.example]' package. Please check your configuration.
2021-05-27 16:16:45.683  INFO 8008 --- [main] o.s.b.w.embedded.tomcat.TomcatWebServer  : Tomcat initialized with port(s): 8888 (http)
2021-05-27 16:16:45.701  INFO 8008 --- [main] o.apache.catalina.core.StandardService   : Starting service [Tomcat]
2021-05-27 16:16:45.702  INFO 8008 --- [main] org.apache.catalina.core.StandardEngine  : Starting Servlet Engine: Apache Tomcat/9.0.12
2021-05-27 16:16:45.709  INFO 8008 --- [main] o.a.catalina.core.AprLifecycleListener   : The APR based Apache Tomcat Native library which allows optimal performance in production environments was not found on the java.library.path: [C:\Program Files\Java\jdk1.8.0_161\bin;C:\WINDOWS\Sun\Java\bin;C:\WINDOWS\system32;C:\WINDOWS;C:\oraclexe\app\oracle\product\10.2.0\server\bin;F:\app\lenovo\product\11.2.0\dbhome_2\bin;F:\app\lenovo\product\11.2.0\dbhome_1\bin;C:\Program Files\Java\jdk1.8.0_161\bin;C:\Program Files (x86)\Common Files\Oracle\Java\javapath;C:\Program Files (x86)\Intel\iCLS Client\;C:\Program Files\Intel\iCLS Client\;C:\Windows\system32;C:\Windows;C:\Windows\System32\Wbem;C:\Windows\System32\WindowsPowerShell\v1.0\;C:\Program Files (x86)\NVIDIA Corporation\PhysX\Common;C:\Program Files (x86)\Intel\Intel(R) Management Engine Components\DAL;C:\Program Files\Intel\Intel(R) Management Engine Components\DAL;C:\Program Files (x86)\Intel\Intel(R) Management Engine Components\IPT;C:\Program Files\Intel\Intel(R) Management Engine Components\IPT;C:\WINDOWS\system32;C:\WINDOWS;C:\WINDOWS\System32\Wbem;C:\WINDOWS\System32\WindowsPowerShell\v1.0\;C:\WINDOWS\System32\OpenSSH\;D:\bin;C:\Program Files\Java\jdk1.8.0\bin;C:\Program Files\MySQL\MySQL Server 5.7\bin;E:\apache-maven-3.6.2\bin;D:\Program Files\Git\cmd;C:\Program Files\MySQL\MySQL Shell 8.0\bin\;C:\Users\lenovo\AppData\Local\Microsoft\WindowsApps;C:\Program Files\Java\jre1.8.0_161;C:\Users\lenovo\AppData\Local\GitHubDesktop\bin;D:\IntelliJ IDEA 2019.2.3\bin;;C:\Program Files\Bandizip\;.]
2021-05-27 16:16:45.830  INFO 8008 --- [main] o.a.c.c.C.[Tomcat].[localhost].[/]       : Initializing Spring embedded WebApplicationContext
2021-05-27 16:16:45.830  INFO 8008 --- [main] o.s.web.context.ContextLoader            : Root WebApplicationContext: initialization completed in 1534 ms
2021-05-27 16:16:45.856  INFO 8008 --- [main] o.s.b.w.servlet.ServletRegistrationBean  : Servlet dispatcherServlet mapped to [/]
2021-05-27 16:16:45.861  INFO 8008 --- [main] o.s.b.w.servlet.FilterRegistrationBean   : Mapping filter: 'characterEncodingFilter' to: [/*]
2021-05-27 16:16:45.861  INFO 8008 --- [main] o.s.b.w.servlet.FilterRegistrationBean   : Mapping filter: 'hiddenHttpMethodFilter' to: [/*]
2021-05-27 16:16:45.862  INFO 8008 --- [main] o.s.b.w.servlet.FilterRegistrationBean   : Mapping filter: 'formContentFilter' to: [/*]
2021-05-27 16:16:45.863  INFO 8008 --- [main] o.s.b.w.servlet.FilterRegistrationBean   : Mapping filter: 'requestContextFilter' to: [/*]
2021-05-27 16:16:47.057  INFO 8008 --- [main] o.s.s.concurrent.ThreadPoolTaskExecutor  : Initializing ExecutorService 'applicationTaskExecutor'
2021-05-27 16:16:47.374  INFO 8008 --- [main] o.s.b.w.embedded.tomcat.TomcatWebServer  : Tomcat started on port(s): 8888 (http) with context path ''
2021-05-27 16:16:47.378  INFO 8008 --- [main] com.example.Application                  : Started Application in 4.558 seconds (JVM running for 7.142)
2021-05-27 16:17:34.162  INFO 8008 --- [http-nio-8888-exec-1] o.a.c.c.C.[Tomcat].[localhost].[/]       : Initializing Spring DispatcherServlet 'dispatcherServlet'
2021-05-27 16:17:34.163  INFO 8008 --- [http-nio-8888-exec-1] o.s.web.servlet.DispatcherServlet        : Initializing Servlet 'dispatcherServlet'
2021-05-27 16:17:34.171  INFO 8008 --- [http-nio-8888-exec-1] o.s.web.servlet.DispatcherServlet        : Completed initialization in 8 ms
2021-05-27 16:17:34.669  INFO 8008 --- [http-nio-8888-exec-5] com.zaxxer.hikari.HikariDataSource       : HikariPool-1 - Starting...
2021-05-27 16:17:34.793  INFO 8008 --- [http-nio-8888-exec-5] com.zaxxer.hikari.HikariDataSource       : HikariPool-1 - Start completed.
